<?xml version="1.0" encoding="UTF-8"?>
<testsuite xmlns:xsi="http://www.w3.org/2001/XMLSchema-instance" xsi:noNamespaceSchemaLocation="https://maven.apache.org/surefire/maven-surefire-plugin/xsd/surefire-test-report.xsd" version="3.0.2" name="fr.m2i.mjardin.flore.AilTest" time="0.051" tests="2" errors="0" skipped="0" failures="0">
  <properties>
[...]
</properties>
  <testcase name="testSeReproduireNonVide" classname="fr.m2i.mjardin.flore.AilTest" time="0.025"/>
  <testcase name="testSeReproduireVide" classname="fr.m2i.mjardin.flore.AilTest" time="0.002"/>
</testsuite>